<?xml version="1.0" encoding="UTF-8"?>
<!-- Generated by org.testng.reporters.JUnitXMLReporter -->
<testsuite hostname="DESKTOP-F4PMV4Q" name="Test" tests="4" failures="1" timestamp="15 Oct 2021 10:55:16 GMT" time="9.619" errors="0">
  <testcase name="search" time="0.02" classname="com.task.Amazon">
    <skipped/>
  </testcase> <!-- search -->
  <testcase name="search" time="0.004" classname="com.task.Amazon">
    <skipped/>
  </testcase> <!-- search -->
  <testcase name="search" time="0.005" classname="com.task.Amazon">
    <skipped/>
  </testcase> <!-- search -->
  <testcase name="search" time="0.003" classname="com.task.Amazon">
    <failure type="java.lang.AssertionError" message="expected [java] but found [welcome]">
      <![CDATA[java.lang.AssertionError: expected [java] but found [welcome]
	at com.task.Amazon.search(Amazon.java:89)
... Removed 31 stack frames]]>
    </failure>
  </testcase> <!-- search -->
</testsuite> <!-- Test -->
