<?xml version="1.0" encoding="UTF-8"?>
<!-- Generated by org.testng.reporters.JUnitXMLReporter -->
<testsuite hostname="DESKTOP-F4PMV4Q" name="Test" tests="5" failures="0" timestamp="15 Oct 2021 03:11:51 GMT" time="56.299" errors="0">
  <testcase name="login" time="2.559" classname="com.task.Flipkart"/>
  <testcase name="search" time="3.72" classname="com.task.Flipkart"/>
  <testcase name="getText" time="6.228" classname="com.task.Flipkart"/>
  <testcase name="windows" time="16.71" classname="com.task.Flipkart"/>
  <testcase name="search" time="7.183" classname="com.task.Amazon"/>
</testsuite> <!-- Test -->
