<?xml version="1.0" encoding="UTF-8"?>
<testng-results skipped="0" failed="0" total="5" passed="5">
  <reporter-output>
  </reporter-output>
  <suite name="Suite" duration-ms="56299" started-at="2021-10-15T03:10:55Z" finished-at="2021-10-15T03:11:51Z">
    <groups>
      <group name="smoke">
        <method signature="Amazon.search()[pri:0, instance:com.task.Amazon@c038203]" name="search" class="com.task.Amazon"/>
        <method signature="Flipkart.getText()[pri:2, instance:com.task.Flipkart@29ee9faa]" name="getText" class="com.task.Flipkart"/>
        <method signature="Flipkart.login(java.lang.String, java.lang.String)[pri:-1, instance:com.task.Flipkart@29ee9faa]" name="login" class="com.task.Flipkart"/>
        <method signature="Flipkart.search(java.lang.String)[pri:1, instance:com.task.Flipkart@29ee9faa]" name="search" class="com.task.Flipkart"/>
        <method signature="Flipkart.windows()[pri:3, instance:com.task.Flipkart@29ee9faa]" name="windows" class="com.task.Flipkart"/>
      </group> <!-- smoke -->
    </groups>
    <test name="Test" duration-ms="56299" started-at="2021-10-15T03:10:55Z" finished-at="2021-10-15T03:11:51Z">
      <class name="com.task.Amazon">
        <test-method status="PASS" signature="beforeClass()[pri:0, instance:com.task.Amazon@c038203]" name="beforeClass" is-config="true" duration-ms="7918" started-at="2021-10-15T11:11:35Z" finished-at="2021-10-15T11:11:43Z">
          <reporter-output>
          </reporter-output>
        </test-method> <!-- beforeClass -->
        <test-method status="PASS" signature="beforeMethod()[pri:0, instance:com.task.Amazon@c038203]" name="beforeMethod" is-config="true" duration-ms="1" started-at="2021-10-15T11:11:43Z" finished-at="2021-10-15T11:11:43Z">
          <reporter-output>
          </reporter-output>
        </test-method> <!-- beforeMethod -->
        <test-method status="PASS" signature="search()[pri:0, instance:com.task.Amazon@c038203]" name="search" duration-ms="7183" started-at="2021-10-15T11:11:43Z" finished-at="2021-10-15T11:11:50Z">
          <reporter-output>
          </reporter-output>
        </test-method> <!-- search -->
        <test-method status="PASS" signature="afterMethod()[pri:0, instance:com.task.Amazon@c038203]" name="afterMethod" is-config="true" duration-ms="0" started-at="2021-10-15T11:11:50Z" finished-at="2021-10-15T11:11:50Z">
          <reporter-output>
          </reporter-output>
        </test-method> <!-- afterMethod -->
        <test-method status="PASS" signature="afterClass()[pri:0, instance:com.task.Amazon@c038203]" name="afterClass" is-config="true" duration-ms="923" started-at="2021-10-15T11:11:50Z" finished-at="2021-10-15T11:11:51Z">
          <reporter-output>
          </reporter-output>
        </test-method> <!-- afterClass -->
      </class> <!-- com.task.Amazon -->
      <class name="com.task.Flipkart">
        <test-method status="PASS" signature="beforeClass()[pri:0, instance:com.task.Flipkart@29ee9faa]" name="beforeClass" is-config="true" duration-ms="10089" started-at="2021-10-15T11:10:55Z" finished-at="2021-10-15T11:11:05Z">
          <reporter-output>
          </reporter-output>
        </test-method> <!-- beforeClass -->
        <test-method status="PASS" signature="beforeMethod()[pri:0, instance:com.task.Flipkart@29ee9faa]" name="beforeMethod" is-config="true" duration-ms="1" started-at="2021-10-15T11:11:05Z" finished-at="2021-10-15T11:11:05Z">
          <reporter-output>
          </reporter-output>
        </test-method> <!-- beforeMethod -->
        <test-method status="PASS" signature="login(java.lang.String, java.lang.String)[pri:-1, instance:com.task.Flipkart@29ee9faa]" name="login" duration-ms="2559" started-at="2021-10-15T11:11:05Z" finished-at="2021-10-15T11:11:08Z">
          <params>
            <param index="0">
              <value>
                <![CDATA[9597666445]]>
              </value>
            </param>
            <param index="1">
              <value>
                <![CDATA[vijay1995]]>
              </value>
            </param>
          </params>
          <reporter-output>
          </reporter-output>
        </test-method> <!-- login -->
        <test-method status="PASS" signature="afterMethod()[pri:0, instance:com.task.Flipkart@29ee9faa]" name="afterMethod" is-config="true" duration-ms="1" started-at="2021-10-15T11:11:08Z" finished-at="2021-10-15T11:11:08Z">
          <reporter-output>
          </reporter-output>
        </test-method> <!-- afterMethod -->
        <test-method status="PASS" signature="search(java.lang.String)[pri:1, instance:com.task.Flipkart@29ee9faa]" name="search" duration-ms="3720" started-at="2021-10-15T11:11:08Z" data-provider="mobileName" finished-at="2021-10-15T11:11:11Z">
          <params>
            <param index="0">
              <value>
                <![CDATA[reamle c21y black]]>
              </value>
            </param>
          </params>
          <reporter-output>
          </reporter-output>
        </test-method> <!-- search -->
        <test-method status="PASS" signature="beforeMethod()[pri:0, instance:com.task.Flipkart@29ee9faa]" name="beforeMethod" is-config="true" duration-ms="0" started-at="2021-10-15T11:11:08Z" finished-at="2021-10-15T11:11:08Z">
          <reporter-output>
          </reporter-output>
        </test-method> <!-- beforeMethod -->
        <test-method status="PASS" signature="afterMethod()[pri:0, instance:com.task.Flipkart@29ee9faa]" name="afterMethod" is-config="true" duration-ms="1" started-at="2021-10-15T11:11:11Z" finished-at="2021-10-15T11:11:11Z">
          <reporter-output>
          </reporter-output>
        </test-method> <!-- afterMethod -->
        <test-method status="PASS" signature="beforeMethod()[pri:0, instance:com.task.Flipkart@29ee9faa]" name="beforeMethod" is-config="true" duration-ms="1" started-at="2021-10-15T11:11:11Z" finished-at="2021-10-15T11:11:11Z">
          <reporter-output>
          </reporter-output>
        </test-method> <!-- beforeMethod -->
        <test-method status="PASS" signature="getText()[pri:2, instance:com.task.Flipkart@29ee9faa]" name="getText" duration-ms="6228" started-at="2021-10-15T11:11:11Z" finished-at="2021-10-15T11:11:18Z">
          <reporter-output>
          </reporter-output>
        </test-method> <!-- getText -->
        <test-method status="PASS" signature="afterMethod()[pri:0, instance:com.task.Flipkart@29ee9faa]" name="afterMethod" is-config="true" duration-ms="5" started-at="2021-10-15T11:11:18Z" finished-at="2021-10-15T11:11:18Z">
          <reporter-output>
          </reporter-output>
        </test-method> <!-- afterMethod -->
        <test-method status="PASS" signature="beforeMethod()[pri:0, instance:com.task.Flipkart@29ee9faa]" name="beforeMethod" is-config="true" duration-ms="1" started-at="2021-10-15T11:11:18Z" finished-at="2021-10-15T11:11:18Z">
          <reporter-output>
          </reporter-output>
        </test-method> <!-- beforeMethod -->
        <test-method status="PASS" signature="windows()[pri:3, instance:com.task.Flipkart@29ee9faa]" name="windows" duration-ms="16710" started-at="2021-10-15T11:11:18Z" finished-at="2021-10-15T11:11:34Z">
          <reporter-output>
          </reporter-output>
        </test-method> <!-- windows -->
        <test-method status="PASS" signature="afterMethod()[pri:0, instance:com.task.Flipkart@29ee9faa]" name="afterMethod" is-config="true" duration-ms="1" started-at="2021-10-15T11:11:34Z" finished-at="2021-10-15T11:11:34Z">
          <reporter-output>
          </reporter-output>
        </test-method> <!-- afterMethod -->
        <test-method status="PASS" signature="afterClass()[pri:0, instance:com.task.Flipkart@29ee9faa]" name="afterClass" is-config="true" duration-ms="900" started-at="2021-10-15T11:11:34Z" finished-at="2021-10-15T11:11:35Z">
          <reporter-output>
          </reporter-output>
        </test-method> <!-- afterClass -->
      </class> <!-- com.task.Flipkart -->
    </test> <!-- Test -->
  </suite> <!-- Suite -->
</testng-results>
